\BOOKMARK [1][-]{section.1}{Introduction}{}% 1
\BOOKMARK [1][-]{section.2}{Maximum\040Entropy\040Principle}{}% 2
\BOOKMARK [2][-]{subsection.2.1}{A\040Simple\040Example}{section.2}% 3
\BOOKMARK [2][-]{subsection.2.2}{General\040Understanding}{section.2}% 4
\BOOKMARK [1][-]{section.3}{Maximum\040Entropy\040Distribution}{}% 5
\BOOKMARK [2][-]{subsection.3.1}{Definition}{section.3}% 6
\BOOKMARK [2][-]{subsection.3.2}{Solution}{section.3}% 7
\BOOKMARK [3][-]{subsubsection.3.2.1}{Solution\040Example}{subsection.3.2}% 8
\BOOKMARK [3][-]{subsubsection.3.2.2}{The\040proof\040of\040maximum}{subsection.3.2}% 9
\BOOKMARK [2][-]{subsection.3.3}{Trivial\040case\040only\040with\040the\040constraint\040of\040entropy}{section.3}% 10
\BOOKMARK [2][-]{subsection.3.4}{With\040Constraints\040Case}{section.3}% 11
\BOOKMARK [2][-]{subsection.3.5}{Cases\040Examples}{section.3}% 12
\BOOKMARK [3][-]{subsubsection.3.5.1}{Discrete\040Distribution}{subsection.3.5}% 13
\BOOKMARK [3][-]{subsubsection.3.5.2}{Constraints\040Distribution}{subsection.3.5}% 14
\BOOKMARK [1][-]{section.4}{Applications}{}% 15
\BOOKMARK [2][-]{subsection.4.1}{Maximum\040Entropy\040Models}{section.4}% 16
\BOOKMARK [2][-]{subsection.4.2}{Burg's\040Maximum\040Entropy\040Theorem}{section.4}% 17
\BOOKMARK [3][-]{subsubsection.4.2.1}{Max\040Entropy\040Rate\040Stochastic\040processes}{subsection.4.2}% 18
\BOOKMARK [3][-]{subsubsection.4.2.2}{Proof}{subsection.4.2}% 19
\BOOKMARK [3][-]{subsubsection.4.2.3}{Application\040of\040Maximum\040Entropy\040on\040Markov\040Model\(MEMM\)}{subsection.4.2}% 20
\BOOKMARK [1][-]{section.5}{Experiments\040of\040the\040Maximum\040Entropy\040Model}{}% 21
\BOOKMARK [2][-]{subsection.5.1}{Task}{section.5}% 22
\BOOKMARK [2][-]{subsection.5.2}{Dataset}{section.5}% 23
\BOOKMARK [2][-]{subsection.5.3}{Optimization}{section.5}% 24
\BOOKMARK [2][-]{subsection.5.4}{Results}{section.5}% 25
\BOOKMARK [2][-]{subsection.5.5}{Analysis}{section.5}% 26
\BOOKMARK [3][-]{subsubsection.5.5.1}{Pros}{subsection.5.5}% 27
\BOOKMARK [3][-]{subsubsection.5.5.2}{Cons}{subsection.5.5}% 28
\BOOKMARK [1][-]{section.6}{Conclusion}{}% 29
\BOOKMARK [1][-]{section.6}{References}{}% 30
